Jun-12 15:22:13.504 [main] DEBUG nextflow.cli.Launcher - $> nextflow main.nf
Jun-12 15:22:13.533 [main] INFO  nextflow.cli.CmdRun - N E X T F L O W  ~  version 23.10.1
Jun-12 15:22:13.538 [main] DEBUG nextflow.plugin.PluginsFacade - Setting up plugin manager > mode=prod; embedded=false; plugins-dir=/Users/sandeep.kasaragod/.nextflow/plugins; core-plugins: nf-amazon@2.1.4,nf-azure@1.3.3,nf-cloudcache@0.3.0,nf-codecommit@0.1.5,nf-console@1.0.6,nf-ga4gh@1.1.0,nf-google@1.8.3,nf-tower@1.6.3,nf-wave@1.0.1
Jun-12 15:22:13.542 [main] INFO  o.pf4j.DefaultPluginStatusProvider - Enabled plugins: []
Jun-12 15:22:13.542 [main] INFO  o.pf4j.DefaultPluginStatusProvider - Disabled plugins: []
Jun-12 15:22:13.543 [main] INFO  org.pf4j.DefaultPluginManager - PF4J version 3.4.1 in 'deployment' mode
Jun-12 15:22:13.546 [main] INFO  org.pf4j.AbstractPluginManager - No plugins
Jun-12 15:22:13.552 [main] DEBUG nextflow.config.ConfigBuilder - Found config local: /Users/sandeep.kasaragod/Documents/GitHub/Hackathon_iCLIP/nextflow.config
Jun-12 15:22:13.552 [main] DEBUG nextflow.config.ConfigBuilder - Parsing config file: /Users/sandeep.kasaragod/Documents/GitHub/Hackathon_iCLIP/nextflow.config
Jun-12 15:22:13.560 [main] DEBUG nextflow.config.ConfigBuilder - Applying config profile: `standard`
Jun-12 15:22:13.715 [main] DEBUG nextflow.cli.CmdRun - Applied DSL=2 by global default
Jun-12 15:22:13.719 [main] INFO  nextflow.cli.CmdRun - Launching `main.nf` [big_allen] DSL2 - revision: 258d1e88b4
Jun-12 15:22:13.720 [main] DEBUG nextflow.plugin.PluginsFacade - Plugins default=[]
Jun-12 15:22:13.720 [main] DEBUG nextflow.plugin.PluginsFacade - Plugins resolved requirement=[]
Jun-12 15:22:13.722 [main] DEBUG n.secret.LocalSecretsProvider - Secrets store: /Users/sandeep.kasaragod/.nextflow/secrets/store.json
Jun-12 15:22:13.723 [main] DEBUG nextflow.secret.SecretsLoader - Discovered secrets providers: [nextflow.secret.LocalSecretsProvider@3a082ff4] - activable => nextflow.secret.LocalSecretsProvider@3a082ff4
Jun-12 15:22:13.746 [main] DEBUG nextflow.Session - Session UUID: 223c6748-5e44-4e33-9418-39734b89f073
Jun-12 15:22:13.746 [main] DEBUG nextflow.Session - Run name: big_allen
Jun-12 15:22:13.746 [main] DEBUG nextflow.Session - Executor pool size: 11
Jun-12 15:22:13.748 [main] DEBUG nextflow.file.FilePorter - File porter settings maxRetries=3; maxTransfers=50; pollTimeout=null
Jun-12 15:22:13.766 [main] DEBUG nextflow.cli.CmdRun - 
  Version: 23.10.1 build 5891
  Created: 12-01-2024 22:01 UTC (22:01 BST)
  System: Mac OS X 14.5
  Runtime: Groovy 3.0.19 on OpenJDK 64-Bit Server VM 21+35
  Encoding: UTF-8 (UTF-8)
  Process: 11279@MVLS-MACLAP22B81B [172.30.133.122]
  CPUs: 11 - Mem: 36 GB (8.2 GB) - Swap: 0 (0) - Virtual threads ON
Jun-12 15:22:13.779 [main] DEBUG nextflow.Session - Work-dir: /Users/sandeep.kasaragod/Documents/GitHub/Hackathon_iCLIP/work [Mac OS X]
Jun-12 15:22:13.785 [main] DEBUG nextflow.executor.ExecutorFactory - Extension executors providers=[]
Jun-12 15:22:13.791 [main] DEBUG nextflow.Session - Observer factory: DefaultObserverFactory
Jun-12 15:22:13.798 [main] DEBUG nextflow.cache.CacheFactory - Using Nextflow cache factory: nextflow.cache.DefaultCacheFactory
Jun-12 15:22:13.801 [main] DEBUG nextflow.util.CustomPoolFactory - Creating virtual thread pool
Jun-12 15:22:13.831 [main] DEBUG nextflow.Session - Session start
Jun-12 15:22:13.878 [main] DEBUG nextflow.script.ScriptRunner - > Launching execution
Jun-12 15:22:13.949 [main] DEBUG nextflow.executor.ExecutorFactory - << taskConfig executor: null
Jun-12 15:22:13.949 [main] DEBUG nextflow.executor.ExecutorFactory - >> processorType: 'local'
Jun-12 15:22:13.951 [main] DEBUG nextflow.executor.Executor - [warm up] executor > local
Jun-12 15:22:13.953 [main] DEBUG n.processor.LocalPollingMonitor - Creating local task monitor for executor 'local' > cpus=11; memory=36 GB; capacity=11; pollInterval=100ms; dumpInterval=5m
Jun-12 15:22:13.954 [main] DEBUG n.processor.TaskPollingMonitor - >>> barrier register (monitor: local)
Jun-12 15:22:13.977 [main] DEBUG nextflow.executor.ExecutorFactory - << taskConfig executor: null
Jun-12 15:22:13.977 [main] DEBUG nextflow.executor.ExecutorFactory - >> processorType: 'local'
Jun-12 15:22:13.978 [main] DEBUG nextflow.Session - Workflow process names [dsl2]: CONCAT, GFF_TO_GTF
Jun-12 15:22:13.978 [main] DEBUG nextflow.Session - Igniting dataflow network (2)
Jun-12 15:22:13.978 [main] DEBUG nextflow.processor.TaskProcessor - Starting process > CONCAT
Jun-12 15:22:13.979 [main] DEBUG nextflow.processor.TaskProcessor - Starting process > GFF_TO_GTF
Jun-12 15:22:13.979 [main] DEBUG nextflow.script.ScriptRunner - Parsed script files:
  Script_7e54da74f66cd054: /Users/sandeep.kasaragod/Documents/GitHub/Hackathon_iCLIP/./modules/concat_genome.nf
  Script_bb21e3d33443d09c: /Users/sandeep.kasaragod/Documents/GitHub/Hackathon_iCLIP/main.nf
Jun-12 15:22:13.979 [main] DEBUG nextflow.script.ScriptRunner - > Awaiting termination 
Jun-12 15:22:13.979 [main] DEBUG nextflow.Session - Session await
Jun-12 15:22:14.024 [Actor Thread 9] INFO  nextflow.conda.CondaCache - Creating env using conda: envs/agat.yml [cache /Users/sandeep.kasaragod/Documents/GitHub/Hackathon_iCLIP/work/conda/agat-22a6b56869d9b262cfa98d48d8266a0e]
Jun-12 15:22:14.030 [Task submitter] DEBUG n.executor.local.LocalTaskHandler - Launch cmd line: /bin/bash -ue .command.run
Jun-12 15:22:14.031 [Task submitter] INFO  nextflow.Session - [06/07a92e] Submitted process > CONCAT (concating the fasta files)
Jun-12 15:22:14.101 [Task monitor] DEBUG n.processor.TaskPollingMonitor - Task completed > TaskHandler[id: 2; name: CONCAT (concating the fasta files); status: COMPLETED; exit: 0; error: -; workDir: /Users/sandeep.kasaragod/Documents/GitHub/Hackathon_iCLIP/work/06/07a92e176924893199ec72145b6d49]
Jun-12 15:23:10.769 [Actor Thread 9] DEBUG nextflow.conda.CondaCache - 'conda' create complete env=envs/agat.yml path=/Users/sandeep.kasaragod/Documents/GitHub/Hackathon_iCLIP/work/conda/agat-22a6b56869d9b262cfa98d48d8266a0e
Jun-12 15:23:10.773 [Task submitter] DEBUG n.executor.local.LocalTaskHandler - Launch cmd line: /bin/bash -ue .command.run
Jun-12 15:23:10.773 [Task submitter] INFO  nextflow.Session - [a8/f35521] Submitted process > GFF_TO_GTF (convert gff to gtf format)
Jun-12 15:23:37.384 [Task monitor] DEBUG n.processor.TaskPollingMonitor - Task completed > TaskHandler[id: 1; name: GFF_TO_GTF (convert gff to gtf format); status: COMPLETED; exit: 0; error: -; workDir: /Users/sandeep.kasaragod/Documents/GitHub/Hackathon_iCLIP/work/a8/f35521ad6bc1f3c13f17db8b5c9dc7]
Jun-12 15:23:37.390 [main] DEBUG nextflow.Session - Session await > all processes finished
Jun-12 15:23:37.391 [Task monitor] DEBUG n.processor.TaskPollingMonitor - <<< barrier arrives (monitor: local) - terminating tasks monitor poll loop
Jun-12 15:23:37.391 [main] DEBUG nextflow.Session - Session await > all barriers passed
Jun-12 15:23:37.392 [main] DEBUG nextflow.util.ThreadPoolManager - Thread pool 'PublishDir' shutdown completed (hard=false)
Jun-12 15:23:37.395 [main] DEBUG n.trace.WorkflowStatsObserver - Workflow completed > WorkflowStats[succeededCount=2; failedCount=0; ignoredCount=0; cachedCount=0; pendingCount=0; submittedCount=0; runningCount=0; retriesCount=0; abortedCount=0; succeedDuration=26.6s; failedDuration=0ms; cachedDuration=0ms;loadCpus=0; loadMemory=0; peakRunning=1; peakCpus=1; peakMemory=0; ]
Jun-12 15:23:37.500 [main] DEBUG nextflow.cache.CacheDB - Closing CacheDB done
Jun-12 15:23:37.506 [main] DEBUG nextflow.util.ThreadPoolManager - Thread pool 'FileTransfer' shutdown completed (hard=false)
Jun-12 15:23:37.506 [main] DEBUG nextflow.script.ScriptRunner - > Execution complete -- Goodbye
